<?xml version="1.0" encoding="UTF-8"?>
<!-- Generated by org.testng.reporters.JUnitXMLReporter -->
<testsuite ignored="0" hostname="IN1-1030205LT" failures="1" tests="11" name="GradleTest_RestAutomation" time="120.965" errors="0" timestamp="10 Apr 2023 05:57:56 GMT">
  <testcase classname="GradleTest_RestAutomation.Getmethod" name="detailsof7thid" time="2.597"/>
  <testcase classname="GradleTest_RestAutomation.Getmethod" name="getnamesfromlist" time="2.068"/>
  <testcase classname="GradleTest_RestAutomation.Getmethod" name="getting_the_Responsebody" time="1.603"/>
  <testcase classname="GradleTest_RestAutomation.Getmethod" name="getting_the_headers" time="1.813"/>
  <testcase classname="GradleTest_RestAutomation.Getmethod" name="page_total" time="1.447"/>
  <testcase classname="GradleTest_RestAutomation.Getmethod" name="sizearray" time="1.427"/>
  <testcase classname="GradleTest_RestAutomation.Getmethod" name="statuscodetest" time="0.003">
    <failure type="java.io.FileNotFoundException" message="C:\Users\1030205\eclipse-workspace\Purchase_details\common.properties (The system cannot find the file specified)">
      <![CDATA[java.io.FileNotFoundException: C:\Users\1030205\eclipse-workspace\Purchase_details\common.properties (The system cannot find the file specified)at java.base/java.io.FileInputStream.open0(Native Method)at java.base/java.io.FileInputStream.open(FileInputStream.java:216)at java.base/java.io.FileInputStream.<init>(FileInputStream.java:157)at java.base/java.io.FileInputStream.<init>(FileInputStream.java:111)at api.com.util.Helper.PropertyReader(Helper.java:14)at GradleTest_RestAutomation.Getmethod.statuscodetest(Getmethod.java:30)at java.base/jdk.internal.reflect.NativeMethodAccessorImpl.invoke0(Native Method)at java.base/jdk.internal.reflect.NativeMethodAccessorImpl.invoke(NativeMethodAccessorImpl.java:77)at java.base/jdk.internal.reflect.DelegatingMethodAccessorImpl.invoke(DelegatingMethodAccessorImpl.java:43)at java.base/java.lang.reflect.Method.invoke(Method.java:568)at org.testng.internal.MethodInvocationHelper.invokeMethod(MethodInvocationHelper.java:124)at org.testng.internal.Invoker.invokeMethod(Invoker.java:571)at org.testng.internal.Invoker.invokeTestMethod(Invoker.java:707)at org.testng.internal.Invoker.invokeTestMethods(Invoker.java:979)at org.testng.internal.TestMethodWorker.invokeTestMethods(TestMethodWorker.java:125)at org.testng.internal.TestMethodWorker.run(TestMethodWorker.java:109)at org.testng.TestRunner.privateRun(TestRunner.java:648)at org.testng.TestRunner.run(TestRunner.java:505)at org.testng.SuiteRunner.runTest(SuiteRunner.java:455)at org.testng.SuiteRunner.runSequentially(SuiteRunner.java:450)at org.testng.SuiteRunner.privateRun(SuiteRunner.java:415)at org.testng.SuiteRunner.run(SuiteRunner.java:364)at org.testng.SuiteRunnerWorker.runSuite(SuiteRunnerWorker.java:52)at org.testng.SuiteRunnerWorker.run(SuiteRunnerWorker.java:84)at org.testng.TestNG.runSuitesSequentially(TestNG.java:1187)at org.testng.TestNG.runSuitesLocally(TestNG.java:1116)at org.testng.TestNG.runSuites(TestNG.java:1028)at org.testng.TestNG.run(TestNG.java:996)at org.testng.remote.AbstractRemoteTestNG.run(AbstractRemoteTestNG.java:115)at org.testng.remote.RemoteTestNG.initAndRun(RemoteTestNG.java:251)at org.testng.remote.RemoteTestNG.main(RemoteTestNG.java:77)]]>
    </failure>
  </testcase> <!-- statuscodetest -->
  <testcase classname="GradleTest_RestAutomation.Get_AllUsers" name="getAllusers_Test" time="105.216"/>
  <testcase classname="GradleTest_RestAutomation.post_Test" name="postwithexternalfile" time="2.005"/>
  <testcase classname="GradleTest_RestAutomation.post_Test" name="postwithpojo" time="1.837"/>
  <testcase classname="GradleTest_RestAutomation.post_Test" name="postwithpojo_userreg" time="0.913"/>
</testsuite> <!-- GradleTest_RestAutomation -->
