<html>
<head>
<title>TestNG:  GradleTest_RestAutomation</title>
<link href="../testng.css" rel="stylesheet" type="text/css" />
<link href="../my-testng.css" rel="stylesheet" type="text/css" />

<style type="text/css">
.log { display: none;} 
.stack-trace { display: none;} 
</style>
<script type="text/javascript">
<!--
function flip(e) {
  current = e.style.display;
  if (current == 'block') {
    e.style.display = 'none';
    return 0;
  }
  else {
    e.style.display = 'block';
    return 1;
  }
}

function toggleBox(szDivId, elem, msg1, msg2)
{
  var res = -1;  if (document.getElementById) {
    res = flip(document.getElementById(szDivId));
  }
  else if (document.all) {
    // this is the way old msie versions work
    res = flip(document.all[szDivId]);
  }
  if(elem) {
    if(res == 0) elem.innerHTML = msg1; else elem.innerHTML = msg2;
  }

}

function toggleAllBoxes() {
  if (document.getElementsByTagName) {
    d = document.getElementsByTagName('div');
    for (i = 0; i < d.length; i++) {
      if (d[i].className == 'log') {
        flip(d[i]);
      }
    }
  }
}

// -->
</script>

</head>
<body>
<h2 align='center'>GradleTest_RestAutomation</h2><table border='1' align="center">
<tr>
<td>Tests passed/Failed/Skipped:</td><td>10/1/0</td>
</tr><tr>
<td>Started on:</td><td>Mon Apr 10 11:25:55 IST 2023</td>
</tr>
<tr><td>Total time:</td><td>120 seconds (120965 ms)</td>
</tr><tr>
<td>Included groups:</td><td></td>
</tr><tr>
<td>Excluded groups:</td><td></td>
</tr>
</table><p/>
<small><i>(Hover the method name to see the test class name)</i></small><p/>
<table width='100%' border='1' class='invocation-failed'>
<tr><td colspan='4' align='center'><b>FAILED TESTS</b></td></tr>
<tr><td><b>Test method</b></td>
<td width="30%"><b>Exception</b></td>
<td width="10%"><b>Time (seconds)</b></td>
<td><b>Instance</b></td>
</tr>
<tr>
<td title='GradleTest_RestAutomation.Getmethod.statuscodetest()'><b>statuscodetest</b><br>Test class: GradleTest_RestAutomation.Getmethod<br>Test method: validate the status code</td>
<td><div><pre>java.io.FileNotFoundException: C:\Users\1030205\eclipse-workspace\Purchase_details\common.properties (The system cannot find the file specified)
	at java.base/java.io.FileInputStream.open0(Native Method)
	at java.base/java.io.FileInputStream.open(FileInputStream.java:216)
	at java.base/java.io.FileInputStream.&lt;init&gt;(FileInputStream.java:157)
	at java.base/java.io.FileInputStream.&lt;init&gt;(FileInputStream.java:111)
	at api.com.util.Helper.PropertyReader(Helper.java:14)
	at GradleTest_RestAutomation.Getmethod.statuscodetest(Getmethod.java:30)
	at java.base/jdk.internal.reflect.NativeMethodAccessorImpl.invoke0(Native Method)
	at java.base/jdk.internal.reflect.NativeMethodAccessorImpl.invoke(NativeMethodAccessorImpl.java:77)
	at java.base/jdk.internal.reflect.DelegatingMethodAccessorImpl.invoke(DelegatingMethodAccessorImpl.java:43)
	at java.base/java.lang.reflect.Method.invoke(Method.java:568)
	at org.testng.internal.MethodInvocationHelper.invokeMethod(MethodInvocationHelper.java:124)
	at org.testng.internal.Invoker.invokeMethod(Invoker.java:571)
	at org.testng.internal.Invoker.invokeTestMethod(Invoker.java:707)
	at org.testng.internal.Invoker.invokeTestMethods(Invoker.java:979)
	at org.testng.internal.TestMethodWorker.invokeTestMethods(TestMethodWorker.java:125)
	at org.testng.internal.TestMethodWorker.run(TestMethodWorker.java:109)
	at org.testng.TestRunner.privateRun(TestRunner.java:648)
	at org.testng.TestRunner.run(TestRunner.java:505)
	at org.testng.SuiteRunner.runTest(SuiteRunner.java:455)
	at org.testng.SuiteRunner.runSequentially(SuiteRunner.java:450)
	at org.testng.SuiteRunner.privateRun(SuiteRunner.java:415)
	at org.testng.SuiteRunner.run(SuiteRunner.java:364)
	at org.testng.SuiteRunnerWorker.runSuite(SuiteRunnerWorker.java:52)
	at org.testng.SuiteRunnerWorker.run(SuiteRunnerWorker.java:84)
	at org.testng.TestNG.runSuitesSequentially(TestNG.java:1187)
	at org.testng.TestNG.runSuitesLocally(TestNG.java:1116)
	at org.testng.TestNG.runSuites(TestNG.java:1028)
	at org.testng.TestNG.run(TestNG.java:996)
	at org.testng.remote.AbstractRemoteTestNG.run(AbstractRemoteTestNG.java:115)
	at org.testng.remote.RemoteTestNG.initAndRun(RemoteTestNG.java:251)
	at org.testng.remote.RemoteTestNG.main(RemoteTestNG.java:77)
</pre></div><a href='#' onClick='toggleBox("stack-trace1993836574", this, "Click to show all stack frames", "Click to hide stack frames")'>Click to show all stack frames</a>
<div class='stack-trace' id='stack-trace1993836574'><pre>java.io.FileNotFoundException: C:\Users\1030205\eclipse-workspace\Purchase_details\common.properties (The system cannot find the file specified)
	at java.base/java.io.FileInputStream.open0(Native Method)
	at java.base/java.io.FileInputStream.open(FileInputStream.java:216)
	at java.base/java.io.FileInputStream.&lt;init&gt;(FileInputStream.java:157)
	at java.base/java.io.FileInputStream.&lt;init&gt;(FileInputStream.java:111)
	at api.com.util.Helper.PropertyReader(Helper.java:14)
	at GradleTest_RestAutomation.Getmethod.statuscodetest(Getmethod.java:30)
	at java.base/jdk.internal.reflect.NativeMethodAccessorImpl.invoke0(Native Method)
	at java.base/jdk.internal.reflect.NativeMethodAccessorImpl.invoke(NativeMethodAccessorImpl.java:77)
	at java.base/jdk.internal.reflect.DelegatingMethodAccessorImpl.invoke(DelegatingMethodAccessorImpl.java:43)
	at java.base/java.lang.reflect.Method.invoke(Method.java:568)
	at org.testng.internal.MethodInvocationHelper.invokeMethod(MethodInvocationHelper.java:124)
	at org.testng.internal.Invoker.invokeMethod(Invoker.java:571)
	at org.testng.internal.Invoker.invokeTestMethod(Invoker.java:707)
	at org.testng.internal.Invoker.invokeTestMethods(Invoker.java:979)
	at org.testng.internal.TestMethodWorker.invokeTestMethods(TestMethodWorker.java:125)
	at org.testng.internal.TestMethodWorker.run(TestMethodWorker.java:109)
	at org.testng.TestRunner.privateRun(TestRunner.java:648)
	at org.testng.TestRunner.run(TestRunner.java:505)
	at org.testng.SuiteRunner.runTest(SuiteRunner.java:455)
	at org.testng.SuiteRunner.runSequentially(SuiteRunner.java:450)
	at org.testng.SuiteRunner.privateRun(SuiteRunner.java:415)
	at org.testng.SuiteRunner.run(SuiteRunner.java:364)
	at org.testng.SuiteRunnerWorker.runSuite(SuiteRunnerWorker.java:52)
	at org.testng.SuiteRunnerWorker.run(SuiteRunnerWorker.java:84)
	at org.testng.TestNG.runSuitesSequentially(TestNG.java:1187)
	at org.testng.TestNG.runSuitesLocally(TestNG.java:1116)
	at org.testng.TestNG.runSuites(TestNG.java:1028)
	at org.testng.TestNG.run(TestNG.java:996)
	at org.testng.remote.AbstractRemoteTestNG.run(AbstractRemoteTestNG.java:115)
	at org.testng.remote.RemoteTestNG.initAndRun(RemoteTestNG.java:251)
	at org.testng.remote.RemoteTestNG.main(RemoteTestNG.java:77)
</pre></div></td>
<td>0</td>
<td>GradleTest_RestAutomation.Getmethod@512baff6</td></tr>
</table><p>
<table width='100%' border='1' class='invocation-passed'>
<tr><td colspan='4' align='center'><b>PASSED TESTS</b></td></tr>
<tr><td><b>Test method</b></td>
<td width="30%"><b>Exception</b></td>
<td width="10%"><b>Time (seconds)</b></td>
<td><b>Instance</b></td>
</tr>
<tr>
<td title='GradleTest_RestAutomation.Getmethod.detailsof7thid()'><b>detailsof7thid</b><br>Test class: GradleTest_RestAutomation.Getmethod<br>Test method: get the numer of hashmaps</td>
<td></td>
<td>2</td>
<td>GradleTest_RestAutomation.Getmethod@512baff6</td></tr>
<tr>
<td title='GradleTest_RestAutomation.Get_AllUsers.getAllusers_Test()'><b>getAllusers_Test</b><br>Test class: GradleTest_RestAutomation.Get_AllUsers</td>
<td></td>
<td>105</td>
<td>GradleTest_RestAutomation.Get_AllUsers@1458ed9c</td></tr>
<tr>
<td title='GradleTest_RestAutomation.Getmethod.getnamesfromlist()'><b>getnamesfromlist</b><br>Test class: GradleTest_RestAutomation.Getmethod<br>Test method: get size of array</td>
<td></td>
<td>2</td>
<td>GradleTest_RestAutomation.Getmethod@512baff6</td></tr>
<tr>
<td title='GradleTest_RestAutomation.Getmethod.getting_the_Responsebody()'><b>getting_the_Responsebody</b><br>Test class: GradleTest_RestAutomation.Getmethod</td>
<td></td>
<td>1</td>
<td>GradleTest_RestAutomation.Getmethod@512baff6</td></tr>
<tr>
<td title='GradleTest_RestAutomation.Getmethod.getting_the_headers()'><b>getting_the_headers</b><br>Test class: GradleTest_RestAutomation.Getmethod</td>
<td></td>
<td>1</td>
<td>GradleTest_RestAutomation.Getmethod@512baff6</td></tr>
<tr>
<td title='GradleTest_RestAutomation.Getmethod.page_total()'><b>page_total</b><br>Test class: GradleTest_RestAutomation.Getmethod<br>Test method: validate total for page2 is 12</td>
<td></td>
<td>1</td>
<td>GradleTest_RestAutomation.Getmethod@512baff6</td></tr>
<tr>
<td title='GradleTest_RestAutomation.post_Test.postwithexternalfile()'><b>postwithexternalfile</b><br>Test class: GradleTest_RestAutomation.post_Test</td>
<td></td>
<td>2</td>
<td>GradleTest_RestAutomation.post_Test@10a9d961</td></tr>
<tr>
<td title='GradleTest_RestAutomation.post_Test.postwithpojo()'><b>postwithpojo</b><br>Test class: GradleTest_RestAutomation.post_Test</td>
<td></td>
<td>1</td>
<td>GradleTest_RestAutomation.post_Test@10a9d961</td></tr>
<tr>
<td title='GradleTest_RestAutomation.post_Test.postwithpojo_userreg()'><b>postwithpojo_userreg</b><br>Test class: GradleTest_RestAutomation.post_Test<br>Test method: registriion</td>
<td></td>
<td>0</td>
<td>GradleTest_RestAutomation.post_Test@10a9d961</td></tr>
<tr>
<td title='GradleTest_RestAutomation.Getmethod.sizearray()'><b>sizearray</b><br>Test class: GradleTest_RestAutomation.Getmethod<br>Test method: size of a JSON array response</td>
<td></td>
<td>1</td>
<td>GradleTest_RestAutomation.Getmethod@512baff6</td></tr>
</table><p>
</body>
</html>